2021-09-06T21:41:50+00:00 CRITICAL Uncaught TypeError: Cannot access offset of type string on string in C:\xampp\htdocs\wp-content\themes\phlox-pro\auxin\auxin-include\include\functions.php:2916
Stack trace:
#0 C:\xampp\htdocs\wp-content\plugins\auxin-elements\public\includes\frontend-ajax.php(273): auxin_get_cart_basket('', 0)
#1 C:\xampp\htdocs\wp-includes\class-wp-hook.php(303): auxels_get_refreshed_fragments('')
#2 C:\xampp\htdocs\wp-includes\class-wp-hook.php(327): WP_Hook->apply_filters('', Array)
#3 C:\xampp\htdocs\wp-includes\plugin.php(470): WP_Hook->do_action(Array)
#4 C:\xampp\htdocs\wp-admin\admin-ajax.php(187): do_action('wp_ajax_auxels_...')
#5 {main}
  thrown en C:\xampp\htdocs\wp-content\themes\phlox-pro\auxin\auxin-include\include\functions.php en la línea 2916

2021-09-06T21:44:27+00:00 CRITICAL Uncaught TypeError: Cannot access offset of type string on string in C:\xampp\htdocs\wp-content\themes\phlox-pro\auxin\auxin-include\include\functions.php:2916
Stack trace:
#0 C:\xampp\htdocs\wp-content\plugins\auxin-elements\public\includes\frontend-ajax.php(273): auxin_get_cart_basket('', 0)
#1 C:\xampp\htdocs\wp-includes\class-wp-hook.php(303): auxels_get_refreshed_fragments('')
#2 C:\xampp\htdocs\wp-includes\class-wp-hook.php(327): WP_Hook->apply_filters('', Array)
#3 C:\xampp\htdocs\wp-includes\plugin.php(470): WP_Hook->do_action(Array)
#4 C:\xampp\htdocs\wp-admin\admin-ajax.php(187): do_action('wp_ajax_auxels_...')
#5 {main}
  thrown en C:\xampp\htdocs\wp-content\themes\phlox-pro\auxin\auxin-include\include\functions.php en la línea 2916

2021-09-06T21:48:55+00:00 CRITICAL Uncaught TypeError: Cannot access offset of type string on string in C:\xampp\htdocs\wp-content\themes\phlox-pro\auxin\auxin-include\include\functions.php:2916
Stack trace:
#0 C:\xampp\htdocs\wp-content\plugins\auxin-elements\public\includes\frontend-ajax.php(273): auxin_get_cart_basket('', 0)
#1 C:\xampp\htdocs\wp-includes\class-wp-hook.php(303): auxels_get_refreshed_fragments('')
#2 C:\xampp\htdocs\wp-includes\class-wp-hook.php(327): WP_Hook->apply_filters('', Array)
#3 C:\xampp\htdocs\wp-includes\plugin.php(470): WP_Hook->do_action(Array)
#4 C:\xampp\htdocs\wp-admin\admin-ajax.php(187): do_action('wp_ajax_auxels_...')
#5 {main}
  thrown en C:\xampp\htdocs\wp-content\themes\phlox-pro\auxin\auxin-include\include\functions.php en la línea 2916

2021-09-06T21:49:30+00:00 CRITICAL Uncaught TypeError: Cannot access offset of type string on string in C:\xampp\htdocs\wp-content\themes\phlox-pro\auxin\auxin-include\include\functions.php:2916
Stack trace:
#0 C:\xampp\htdocs\wp-content\plugins\auxin-elements\public\includes\frontend-ajax.php(273): auxin_get_cart_basket('', 0)
#1 C:\xampp\htdocs\wp-includes\class-wp-hook.php(303): auxels_get_refreshed_fragments('')
#2 C:\xampp\htdocs\wp-includes\class-wp-hook.php(327): WP_Hook->apply_filters('', Array)
#3 C:\xampp\htdocs\wp-includes\plugin.php(470): WP_Hook->do_action(Array)
#4 C:\xampp\htdocs\wp-admin\admin-ajax.php(187): do_action('wp_ajax_auxels_...')
#5 {main}
  thrown en C:\xampp\htdocs\wp-content\themes\phlox-pro\auxin\auxin-include\include\functions.php en la línea 2916

2021-09-06T22:04:14+00:00 CRITICAL Uncaught TypeError: Cannot access offset of type string on string in C:\xampp\htdocs\wp-content\themes\phlox-pro\auxin\auxin-include\include\functions.php:2847
Stack trace:
#0 C:\xampp\htdocs\wp-content\plugins\auxin-elements\public\includes\frontend-ajax.php(268): auxin_get_cart_items('')
#1 C:\xampp\htdocs\wp-includes\class-wp-hook.php(303): auxels_get_refreshed_fragments('')
#2 C:\xampp\htdocs\wp-includes\class-wp-hook.php(327): WP_Hook->apply_filters('', Array)
#3 C:\xampp\htdocs\wp-includes\plugin.php(470): WP_Hook->do_action(Array)
#4 C:\xampp\htdocs\wp-admin\admin-ajax.php(187): do_action('wp_ajax_auxels_...')
#5 {main}
  thrown en C:\xampp\htdocs\wp-content\themes\phlox-pro\auxin\auxin-include\include\functions.php en la línea 2847

2021-09-06T22:21:11+00:00 CRITICAL Uncaught TypeError: Cannot access offset of type string on string in C:\xampp\htdocs\wp-content\themes\phlox-pro\auxin\auxin-include\include\functions.php:2847
Stack trace:
#0 C:\xampp\htdocs\wp-content\plugins\auxin-elements\public\includes\frontend-ajax.php(268): auxin_get_cart_items('')
#1 C:\xampp\htdocs\wp-includes\class-wp-hook.php(303): auxels_get_refreshed_fragments('')
#2 C:\xampp\htdocs\wp-includes\class-wp-hook.php(327): WP_Hook->apply_filters('', Array)
#3 C:\xampp\htdocs\wp-includes\plugin.php(470): WP_Hook->do_action(Array)
#4 C:\xampp\htdocs\wp-admin\admin-ajax.php(187): do_action('wp_ajax_auxels_...')
#5 {main}
  thrown en C:\xampp\htdocs\wp-content\themes\phlox-pro\auxin\auxin-include\include\functions.php en la línea 2847

